<?xml version="1.0" encoding="UTF-8"?>
<testng-results skipped="0" failed="0" ignored="2" total="3" passed="1">
  <reporter-output>
  </reporter-output>
  <suite name="Default suite" duration-ms="57" started-at="2018-02-23T08:02:42Z" finished-at="2018-02-23T08:02:42Z">
    <groups>
    </groups>
    <test name="Default test" duration-ms="57" started-at="2018-02-23T08:02:42Z" finished-at="2018-02-23T08:02:42Z">
      <class name="com.pro.test.SmokeTest">
        <test-method status="PASS" signature="m1()[pri:0, instance:com.pro.test.SmokeTest@14acaea5]" name="m1" duration-ms="17" started-at="2018-02-23T08:02:42Z" finished-at="2018-02-23T08:02:42Z">
          <reporter-output>
          </reporter-output>
        </test-method> <!-- m1 -->
      </class> <!-- com.pro.test.SmokeTest -->
    </test> <!-- Default test -->
  </suite> <!-- Default suite -->
</testng-results>
