<?xml version="1.0" encoding="UTF-8"?>
<!-- Generated by org.testng.reporters.JUnitXMLReporter -->
<testsuite hostname="DESKTOP-K2BIR38" ignored="2" name="Default test" tests="1" failures="0" timestamp="23 Feb 2018 08:02:42 GMT" time="0.057" errors="0">
  <testcase name="m1" time="0.017" classname="com.pro.test.SmokeTest"/>
  <testcase name="m3" time="0.0" classname="com.pro.test.SmokeTest">
    <ignored/>
  </testcase> <!-- m3 -->
  <testcase name="m2" time="0.0" classname="com.pro.test.SmokeTest">
    <ignored/>
  </testcase> <!-- m2 -->
</testsuite> <!-- Default test -->
